<?xml version="1.0" encoding="UTF-8"?>
<!-- Generated by org.testng.reporters.JUnitReportReporter -->
<testsuite hostname="Raviraj-PC" name="DynamicWebTableHandling.columncount" tests="1" failures="0" timestamp="7 Oct 2022 19:14:18 GMT" time="15.504" errors="0">
  <testcase name="verifyallColumn" time="15.504" classname="DynamicWebTableHandling.columncount"/>
</testsuite> <!-- DynamicWebTableHandling.columncount -->
