<?xml version="1.0" encoding="UTF-8"?>
<!-- Generated by org.testng.reporters.JUnitReportReporter -->
<testsuite hostname="Raviraj-PC" name="DynamicWebTableHandling.Tablecount" tests="1" failures="0" timestamp="7 Oct 2022 13:41:05 GMT" time="24.999" errors="0">
  <testcase name="verifyallColumn" time="24.999" classname="DynamicWebTableHandling.Tablecount"/>
</testsuite> <!-- DynamicWebTableHandling.Tablecount -->
