<?xml version="1.0" encoding="UTF-8"?>
<!-- Generated by org.testng.reporters.JUnitReportReporter -->
<testsuite hostname="Raviraj-PC" name="WindowHandling.multiplehandle" tests="1" failures="0" timestamp="2 Feb 2024 12:52:37 GMT" time="34.166" errors="0">
  <testcase name="tt" time="34.166" classname="WindowHandling.multiplehandle"/>
</testsuite> <!-- WindowHandling.multiplehandle -->
