<?xml version="1.0" encoding="UTF-8"?>
<!-- Generated by org.testng.reporters.JUnitReportReporter -->
<testsuite hostname="Raviraj-PC" name="WindowHandling.ity" tests="1" failures="0" timestamp="13 Oct 2022 12:20:38 GMT" time="49.559" errors="0">
  <testcase name="handlemultiplewindow" time="49.559" classname="WindowHandling.ity"/>
</testsuite> <!-- WindowHandling.ity -->
