<?xml version="1.0" encoding="UTF-8"?>
<!-- Generated by org.testng.reporters.JUnitReportReporter -->
<testsuite hostname="Raviraj-PC" name="basicseleniumprac.selectradiobutton" tests="1" failures="0" timestamp="31 Aug 2022 09:41:39 GMT" time="19.639" errors="0">
  <testcase name="radiodemo" time="19.639" classname="basicseleniumprac.selectradiobutton"/>
</testsuite> <!-- basicseleniumprac.selectradiobutton -->
