<?xml version="1.0" encoding="UTF-8"?>
<!-- Generated by org.testng.reporters.JUnitReportReporter -->
<testsuite hostname="Raviraj-PC" name="DynamicWebTableHandling.Rowcount" tests="1" failures="0" timestamp="30 Dec 2023 19:53:57 GMT" time="48.166" errors="0">
  <testcase name="verifyrows" time="48.166" classname="DynamicWebTableHandling.Rowcount"/>
</testsuite> <!-- DynamicWebTableHandling.Rowcount -->
