<?xml version="1.0" encoding="UTF-8"?>
<!-- Generated by org.testng.reporters.JUnitReportReporter -->
<testsuite hostname="Raviraj-PC" name="newselenium.radiobottonmultiple" tests="1" failures="0" timestamp="31 Dec 2023 11:06:09 GMT" time="26.888" errors="0">
  <testcase name="radiodemo" time="26.888" classname="newselenium.radiobottonmultiple"/>
</testsuite> <!-- newselenium.radiobottonmultiple -->
